
/home/runner/work/exp-lazarenko-model-coep/exp-lazarenko-model-coep/experiment/simulation/css/chosen.jquery.min.js
  10:2270   warning  'a' is defined but never used           no-unused-vars
  10:2404   warning  'a' is defined but never used           no-unused-vars
  10:3216   warning  'a' is defined but never used           no-unused-vars
  10:4082   warning  'b' is assigned a value but never used  no-unused-vars
  10:4370   warning  'jQuery' is not defined                 no-undef
  10:4507   warning  'd' is defined but never used           no-unused-vars
  10:9087   warning  'a' is defined but never used           no-unused-vars
  10:12567  warning  'a' is defined but never used           no-unused-vars
  10:20146  warning  'd' is assigned a value but never used  no-unused-vars
  10:20852  warning  'AbstractChosen' is not defined         no-undef
  10:20895  warning  'b' is assigned a value but never used  no-unused-vars

/home/runner/work/exp-lazarenko-model-coep/exp-lazarenko-model-coep/experiment/simulation/js/chosen.jquery.min.js
  10:2270   warning  'a' is defined but never used           no-unused-vars
  10:2404   warning  'a' is defined but never used           no-unused-vars
  10:3216   warning  'a' is defined but never used           no-unused-vars
  10:4082   warning  'b' is assigned a value but never used  no-unused-vars
  10:4370   warning  'jQuery' is not defined                 no-undef
  10:4507   warning  'd' is defined but never used           no-unused-vars
  10:9087   warning  'a' is defined but never used           no-unused-vars
  10:12567  warning  'a' is defined but never used           no-unused-vars
  10:20146  warning  'd' is assigned a value but never used  no-unused-vars
  10:20852  warning  'AbstractChosen' is not defined         no-undef
  10:20895  warning  'b' is assigned a value but never used  no-unused-vars

/home/runner/work/exp-lazarenko-model-coep/exp-lazarenko-model-coep/experiment/simulation/js/chosen.proto.min.js
  10:2270   warning  'a' is defined but never used                                    no-unused-vars
  10:2404   warning  'a' is defined but never used                                    no-unused-vars
  10:3216   warning  'a' is defined but never used                                    no-unused-vars
  10:4082   warning  'b' is assigned a value but never used                           no-unused-vars
  10:4741   warning  'Template' is not defined                                        no-undef
  10:5020   warning  'Template' is not defined                                        no-undef
  10:5290   warning  'Template' is not defined                                        no-undef
  10:5471   warning  'Template' is not defined                                        no-undef
  10:6324   warning  '$' is not defined                                               no-undef
  10:9489   warning  'a' is defined but never used                                    no-unused-vars
  10:10275  warning  'this.search_field.value' is assigned to itself                  no-self-assign
  10:12629  warning  'this.search_field.value' is assigned to itself                  no-self-assign
  10:12928  warning  'a' is defined but never used                                    no-unused-vars
  10:14362  warning  '$' is not defined                                               no-undef
  10:16269  warning  '$' is not defined                                               no-undef
  10:17155  warning  '$' is not defined                                               no-undef
  10:17566  warning  '$' is not defined                                               no-undef
  10:17586  warning  '$' is not defined                                               no-undef
  10:17622  warning  '$' is not defined                                               no-undef
  10:17655  warning  '$' is not defined                                               no-undef
  10:17738  warning  '$' is not defined                                               no-undef
  10:17821  warning  '$' is not defined                                               no-undef
  10:18671  warning  Expected a conditional expression and instead saw an assignment  no-cond-assign
  10:20467  warning  'c' is assigned a value but never used                           no-unused-vars
  10:21033  warning  'AbstractChosen' is not defined                                  no-undef
  10:21060  warning  'Prototype' is not defined                                       no-undef
  10:21129  warning  'Prototype' is not defined                                       no-undef
  10:21239  warning  'c' is assigned a value but never used                           no-unused-vars

/home/runner/work/exp-lazarenko-model-coep/exp-lazarenko-model-coep/experiment/simulation/js/graph.js
  2:18  error  Parsing error: Unexpected token :

/home/runner/work/exp-lazarenko-model-coep/exp-lazarenko-model-coep/experiment/simulation/js/highcharts.js
   10:101  warning  'b' is already defined                                           no-redeclare
   10:131  warning  'd' is already defined                                           no-redeclare
   10:161  warning  'e' is already defined                                           no-redeclare
   10:174  warning  'c' is already defined                                           no-redeclare
   10:411  warning  'a' is already defined                                           no-redeclare
   11:145  warning  'g' is already defined                                           no-redeclare
   17:475  warning  'e' is already defined                                           no-redeclare
   18:21   warning  'i' is already defined                                           no-redeclare
   23:184  warning  'd' is already defined                                           no-redeclare
   24:223  warning  'Ab' is already defined                                          no-redeclare
   25:257  warning  'a' is already defined                                           no-redeclare
   25:357  warning  'd' is already defined                                           no-redeclare
   25:401  warning  'd' is already defined                                           no-redeclare
   31:283  warning  'e' is already defined                                           no-redeclare
   31:341  warning  'c' is already defined                                           no-redeclare
   32:27   warning  'd' is already defined                                           no-redeclare
   32:196  warning  'a' is already defined                                           no-redeclare
   32:242  warning  'c' is already defined                                           no-redeclare
   37:160  warning  'c' is already defined                                           no-redeclare
   41:89   warning  'a' is already defined                                           no-redeclare
   42:335  warning  'f' is already defined                                           no-redeclare
   43:62   warning  'a' is already defined                                           no-redeclare
   45:212  warning  'e' is already defined                                           no-redeclare
   45:227  warning  'd' is already defined                                           no-redeclare
   46:315  warning  'a' is already defined                                           no-redeclare
   49:387  warning  'b' is already defined                                           no-redeclare
   50:213  warning  'a' is already defined                                           no-redeclare
   56:28   warning  'a' is already defined                                           no-redeclare
   56:59   warning  'A' is already defined                                           no-redeclare
   57:79   warning  'h' is already defined                                           no-redeclare
   57:240  warning  'a' is already defined                                           no-redeclare
   72:52   warning  'a' is already defined                                           no-redeclare
   72:79   warning  'b' is already defined                                           no-redeclare
   72:171  warning  'b' is already defined                                           no-redeclare
   73:103  warning  'b' is already defined                                           no-redeclare
   73:151  warning  'b' is already defined                                           no-redeclare
   73:166  warning  'c' is already defined                                           no-redeclare
   74:292  warning  'jQuery' is not defined                                          no-undef
   74:299  warning  'l' is already defined                                           no-redeclare
   74:386  warning  'lc' is already defined                                          no-redeclare
   74:397  warning  'qb' is already defined                                          no-redeclare
   74:487  warning  'Q' is already defined                                           no-redeclare
   75:58   warning  'ha' is already defined                                          no-redeclare
   75:94   warning  'Na' is already defined                                          no-redeclare
   75:229  warning  'ga' is already defined                                          no-redeclare
   75:397  warning  'Ub' is already defined                                          no-redeclare
   75:476  warning  'Eb' is already defined                                          no-redeclare
   76:88   warning  'jQuery' is not defined                                          no-undef
   76:115  warning  'jQuery' is not defined                                          no-undef
   84:181  warning  'y' is already defined                                           no-redeclare
   85:447  warning  Expected a conditional expression and instead saw an assignment  no-cond-assign
   87:95   warning  Expected a conditional expression and instead saw an assignment  no-cond-assign
   92:227  warning  'a' is already defined                                           no-redeclare
   92:486  warning  'b' is already defined                                           no-redeclare
   95:147  warning  'c' is already defined                                           no-redeclare
  101:382  warning  'c' is already defined                                           no-redeclare
  103:98   warning  'c' is already defined                                           no-redeclare
  106:322  warning  'g' is already defined                                           no-redeclare
  108:118  warning  'f' is already defined                                           no-redeclare
  108:126  warning  'd' is already defined                                           no-redeclare
  108:341  warning  'a' is already defined                                           no-redeclare
  108:474  warning  'b' is already defined                                           no-redeclare
  108:493  warning  'c' is already defined                                           no-redeclare
  110:29   warning  'b' is already defined                                           no-redeclare
  110:41   warning  'c' is already defined                                           no-redeclare
  110:53   warning  'a' is already defined                                           no-redeclare
  111:95   warning  'd' is already defined                                           no-redeclare
  115:39   warning  Expected a conditional expression and instead saw an assignment  no-cond-assign
  117:3    warning  'c' is already defined                                           no-redeclare
  117:26   warning  'd' is already defined                                           no-redeclare
  120:293  warning  'b' is already defined                                           no-redeclare
  122:153  warning  'a' is already defined                                           no-redeclare
  124:342  warning  'd' is already defined                                           no-redeclare
  125:167  warning  'd' is already defined                                           no-redeclare
  125:190  warning  'c' is already defined                                           no-redeclare
  128:32   warning  'a' is already defined                                           no-redeclare
  129:327  warning  'b' is already defined                                           no-redeclare
  131:292  warning  'a' is already defined                                           no-redeclare
  133:208  warning  'b' is already defined                                           no-redeclare
  135:334  warning  'a' is already defined                                           no-redeclare
  136:368  warning  'a' is already defined                                           no-redeclare
  141:34   warning  'a' is already defined                                           no-redeclare
  141:42   warning  'b' is already defined                                           no-redeclare
  141:50   warning  'c' is already defined                                           no-redeclare
  141:58   warning  'd' is already defined                                           no-redeclare
  143:39   warning  Unnecessary escape character: \.                                 no-useless-escape
  148:349  warning  'f' is already defined                                           no-redeclare
  150:379  warning  'b' is already defined                                           no-redeclare
  150:393  warning  'a' is already defined                                           no-redeclare
  151:218  warning  Expected a conditional expression and instead saw an assignment  no-cond-assign
  152:381  warning  'h' is already defined                                           no-redeclare
  154:141  warning  'g' is already defined                                           no-redeclare
  156:211  warning  'h' is already defined                                           no-redeclare
  156:275  warning  'z' is already defined                                           no-redeclare
  159:446  warning  'a' is already defined                                           no-redeclare
  162:167  warning  Expected a conditional expression and instead saw an assignment  no-cond-assign
  163:347  warning  'b' is already defined                                           no-redeclare
  164:183  warning  'y' is assigned a value but never used                           no-unused-vars
  164:213  warning  'f' is already defined                                           no-redeclare
  164:241  warning  Expected a conditional expression and instead saw an assignment  no-cond-assign
  167:238  warning  'm' is already defined                                           no-redeclare

/home/runner/work/exp-lazarenko-model-coep/exp-lazarenko-model-coep/experiment/simulation/js/highcharts.src.js
    13:10   warning  'document' is already defined as a built-in global variable       no-redeclare
    13:20   warning  'window' is already defined as a built-in global variable         no-redeclare
    13:28   warning  'navigator' is already defined as a built-in global variable      no-redeclare
    13:39   warning  'setInterval' is already defined as a built-in global variable    no-redeclare
    13:52   warning  'clearInterval' is already defined as a built-in global variable  no-redeclare
    13:67   warning  'clearTimeout' is already defined as a built-in global variable   no-redeclare
    13:81   warning  'setTimeout' is already defined as a built-in global variable     no-redeclare
    13:93   warning  'location' is already defined as a built-in global variable       no-redeclare
    13:111  warning  '$' is defined but never used                                     no-unused-vars
  2425:45   warning  Unnecessary escape character: \"                                  no-useless-escape
  2425:79   warning  Unnecessary escape character: \"                                  no-useless-escape
  6569:8    warning  'lastWasOutsidePlot' is assigned a value but never used           no-unused-vars
  9609:23   warning  Unnecessary escape character: \.                                  no-useless-escape

/home/runner/work/exp-lazarenko-model-coep/exp-lazarenko-model-coep/experiment/simulation/js/jquery-1.6.2.min.js
  16:820    warning  Empty block statement                                            no-empty
  16:877    warning  Empty block statement                                            no-empty
  16:4181   warning  Expected a conditional expression and instead saw an assignment  no-cond-assign
  16:4409   warning  'b' is defined but never used                                    no-unused-vars
  16:4685   warning  'd' is defined but never used                                    no-unused-vars
  16:4861   warning  'd' is defined but never used                                    no-unused-vars
  16:5073   warning  'l' is defined but never used                                    no-unused-vars
  16:6877   warning  Empty block statement                                            no-empty
  16:7181   warning  Unnecessary escape character: \-                                 no-useless-escape
  16:7283   warning  Unnecessary escape character: \/                                 no-useless-escape
  16:7368   warning  Unnecessary escape character: \-                                 no-useless-escape
  16:7418   warning  Unnecessary escape character: \/                                 no-useless-escape
  16:7457   warning  Unnecessary escape character: \/                                 no-useless-escape
  16:10926  warning  Empty block statement                                            no-empty
  16:11936  warning  'ActiveXObject' is not defined                                   no-undef
  16:16920  warning  'r' is defined but never used                                    no-unused-vars
  16:20036  warning  Redundant double negation                                        no-extra-boolean-cast
  16:20561  warning  Redundant double negation                                        no-extra-boolean-cast
  16:22433  warning  'e' is defined but never used                                    no-unused-vars
  16:23155  warning  'c' is assigned a value but never used                           no-unused-vars
  16:23265  warning  Expected a conditional expression and instead saw an assignment  no-cond-assign
  16:23657  warning  Unnecessary escape character: \:                                 no-useless-escape
  16:23975  warning  Empty block statement                                            no-empty
  16:25072  warning  Expected a conditional expression and instead saw an assignment  no-cond-assign
  16:30691  warning  Expected a conditional expression and instead saw an assignment  no-cond-assign
  16:31256  warning  'i' is defined but never used                                    no-unused-vars
  16:31485  warning  Expected a conditional expression and instead saw an assignment  no-cond-assign
  16:32074  warning  'g' is assigned a value but never used                           no-unused-vars
  17:1062   warning  Empty block statement                                            no-empty
  17:4632   warning  'a' is defined but never used                                    no-unused-vars
  17:4634   warning  'b' is defined but never used                                    no-unused-vars
  17:5042   warning  'a' is defined but never used                                    no-unused-vars
  17:6125   warning  'a' is defined but never used                                    no-unused-vars
  17:6127   warning  'b' is defined but never used                                    no-unused-vars
  17:6266   warning  'a' is defined but never used                                    no-unused-vars
  17:9740   warning  Unnecessary escape character: \[                                 no-useless-escape
  17:9766   warning  Unnecessary escape character: \[                                 no-useless-escape
  17:9791   warning  Unnecessary escape character: \[                                 no-useless-escape
  17:11485  warning  Expected a conditional expression and instead saw an assignment  no-cond-assign
  17:12497  warning  Unnecessary escape character: \-                                 no-useless-escape
  17:12538  warning  Unnecessary escape character: \-                                 no-useless-escape
  17:12588  warning  Unnecessary escape character: \-                                 no-useless-escape
  17:12638  warning  Unnecessary escape character: \-                                 no-useless-escape
  17:12702  warning  Unnecessary escape character: \-                                 no-useless-escape
  17:12749  warning  Unnecessary escape character: \*                                 no-useless-escape
  17:12751  warning  Unnecessary escape character: \-                                 no-useless-escape
  17:12821  warning  Unnecessary escape character: \-                                 no-useless-escape
  17:12834  warning  Unnecessary escape character: \-                                 no-useless-escape
  17:12852  warning  Unnecessary escape character: \-                                 no-useless-escape
  17:12933  warning  Unnecessary escape character: \-                                 no-useless-escape
  17:12970  warning  Unnecessary escape character: \-                                 no-useless-escape
  17:13000  warning  Unnecessary escape character: \)                                 no-useless-escape
  17:13009  warning  Unnecessary escape character: \(                                 no-useless-escape
  17:13011  warning  Unnecessary escape character: \)                                 no-useless-escape
  17:13331  warning  Expected a conditional expression and instead saw an assignment  no-cond-assign
  17:14711  warning  'b' is defined but never used                                    no-unused-vars
  17:14866  warning  Unnecessary escape character: \-                                 no-useless-escape
  17:17568  warning  Expected a conditional expression and instead saw an assignment  no-cond-assign
  17:17643  warning  Expected a 'break' statement before 'case'                       no-fallthrough
  17:17660  warning  Expected a conditional expression and instead saw an assignment  no-cond-assign
  17:18773  warning  Unnecessary escape character: \[                                 no-useless-escape
  17:18785  warning  Unnecessary escape character: \(                                 no-useless-escape
  17:21483  warning  Unnecessary escape character: \-                                 no-useless-escape
  17:21496  warning  Unnecessary escape character: \-                                 no-useless-escape
  17:21905  warning  Empty block statement                                            no-empty
  17:22187  warning  Empty block statement                                            no-empty
  17:22568  warning  Unnecessary escape character: \=                                 no-useless-escape
  17:22749  warning  Empty block statement                                            no-empty
  17:23605  warning  Expected a conditional expression and instead saw an assignment  no-cond-assign
  17:23961  warning  Unnecessary escape character: \[                                 no-useless-escape
  17:23963  warning  Unnecessary escape character: \.                                 no-useless-escape
  17:27092  warning  'd' is defined but never used                                    no-unused-vars
  17:27559  warning  Unnecessary escape character: \-                                 no-useless-escape
  17:27561  warning  Unnecessary escape character: \-                                 no-useless-escape
  18:2210   warning  Unnecessary escape character: \-                                 no-useless-escape
  18:2225   warning  Unnecessary escape character: \.                                 no-useless-escape
  18:3245   warning  Empty block statement                                            no-empty
  18:4545   warning  Expected a conditional expression and instead saw an assignment  no-cond-assign
  18:5498   warning  Unnecessary escape character: \-                                 no-useless-escape
  18:5510   warning  Unnecessary escape character: \-                                 no-useless-escape
  18:5698   warning  Unnecessary escape character: \+                                 no-useless-escape
  18:5700   warning  Unnecessary escape character: \.                                 no-useless-escape
  18:5702   warning  Unnecessary escape character: \-                                 no-useless-escape
  18:5718   warning  Unnecessary escape character: \/                                 no-useless-escape
  18:6784   warning  'c' is defined but never used                                    no-unused-vars
  18:8179   warning  Expected a conditional expression and instead saw an assignment  no-cond-assign
  18:8241   warning  Expected a conditional expression and instead saw an assignment  no-cond-assign
  18:9110   warning  Expected a conditional expression and instead saw an assignment  no-cond-assign
  18:11453  warning  Unnecessary escape character: \=                                 no-useless-escape
  18:13818  warning  Empty block statement                                            no-empty
  18:14449  warning  Unnecessary escape character: \-                                 no-useless-escape
  18:14461  warning  Unnecessary escape character: \-                                 no-useless-escape
  18:20898  warning  Empty block statement                                            no-empty
  18:22035  warning  'e' is assigned a value but never used                           no-unused-vars
  18:22514  warning  'g' is defined but never used                                    no-unused-vars

/home/runner/work/exp-lazarenko-model-coep/exp-lazarenko-model-coep/experiment/simulation/js/jquery-ui-1.8.16.custom.min.js
   18:30   warning  'jQuery' is not defined                                          no-undef
   19:1    warning  Unnecessary semicolon                                            no-extra-semi
   28:149  warning  Empty block statement                                            no-empty
   28:358  warning  Empty block statement                                            no-empty
   33:501  warning  'jQuery' is not defined                                          no-undef
   34:1    warning  Unnecessary semicolon                                            no-extra-semi
   49:186  warning  Expected a conditional expression and instead saw an assignment  no-cond-assign
   50:467  warning  'jQuery' is not defined                                          no-undef
   51:1    warning  Unnecessary semicolon                                            no-extra-semi
   66:340  warning  'jQuery' is not defined                                          no-undef
   67:1    warning  Unnecessary semicolon                                            no-extra-semi
  116:466  warning  'jQuery' is not defined                                          no-undef
  117:1    warning  Unnecessary semicolon                                            no-extra-semi
  142:4    warning  Expected a conditional expression and instead saw an assignment  no-cond-assign
  143:68   warning  'jQuery' is not defined                                          no-undef
  144:1    warning  Unnecessary semicolon                                            no-extra-semi
  184:427  warning  Expected a conditional expression and instead saw an assignment  no-cond-assign
  192:207  warning  'jQuery' is not defined                                          no-undef
  193:1    warning  Unnecessary semicolon                                            no-extra-semi
  210:309  warning  Expected a conditional expression and instead saw an assignment  no-cond-assign
  214:306  warning  'jQuery' is not defined                                          no-undef
  215:1    warning  Unnecessary semicolon                                            no-extra-semi
  274:260  warning  'jQuery' is not defined                                          no-undef
  275:1    warning  Unnecessary semicolon                                            no-extra-semi
  304:233  warning  'jQuery' is not defined                                          no-undef
  305:1    warning  Unnecessary semicolon                                            no-extra-semi
  320:325  warning  Expected a 'break' statement before 'case'                       no-fallthrough
  330:156  warning  'jQuery' is not defined                                          no-undef
  335:229  warning  'result' is not defined                                          no-undef
  335:362  warning  'result' is not defined                                          no-undef
  335:378  warning  'result' is not defined                                          no-undef
  335:447  warning  'result' is not defined                                          no-undef
  336:210  warning  'jQuery' is not defined                                          no-undef
  337:1    warning  Unnecessary semicolon                                            no-extra-semi
  363:44   warning  'jQuery' is not defined                                          no-undef
  364:1    warning  Unnecessary semicolon                                            no-extra-semi
  403:309  warning  'jQuery' is not defined                                          no-undef
  404:1    warning  Unnecessary semicolon                                            no-extra-semi
  436:424  warning  'jQuery' is not defined                                          no-undef
  437:1    warning  Unnecessary semicolon                                            no-extra-semi
  457:135  warning  Expected a conditional expression and instead saw an assignment  no-cond-assign
  469:115  warning  Empty block statement                                            no-empty
  469:249  warning  Empty block statement                                            no-empty
  471:28   warning  't' is not defined                                               no-undef
  471:288  warning  'jQuery' is not defined                                          no-undef
  472:1    warning  Unnecessary semicolon                                            no-extra-semi
  503:210  warning  Expected a conditional expression and instead saw an assignment  no-cond-assign
  504:296  warning  Expected a conditional expression and instead saw an assignment  no-cond-assign
  526:354  warning  Unexpected constant condition                                    no-constant-condition
  532:162  warning  Empty block statement                                            no-empty
  533:185  warning  Expected a conditional expression and instead saw an assignment  no-cond-assign
  554:268  warning  'jQuery' is not defined                                          no-undef
  555:1    warning  Unnecessary semicolon                                            no-extra-semi
  570:357  warning  'jQuery' is not defined                                          no-undef
  571:1    warning  Unnecessary semicolon                                            no-extra-semi
  580:1    warning  'jQuery' is not defined                                          no-undef
  580:103  warning  Expected a conditional expression and instead saw an assignment  no-cond-assign
  580:244  warning  Expected a conditional expression and instead saw an assignment  no-cond-assign
  580:276  warning  Unnecessary escape character: \%                                 no-useless-escape
  580:306  warning  Unnecessary escape character: \%                                 no-useless-escape
  580:336  warning  Unnecessary escape character: \%                                 no-useless-escape
  580:430  warning  Expected a conditional expression and instead saw an assignment  no-cond-assign
  581:45   warning  Expected a conditional expression and instead saw an assignment  no-cond-assign
  581:384  warning  Expected a conditional expression and instead saw an assignment  no-cond-assign
  582:111  warning  Unnecessary escape character: \-                                 no-useless-escape
  592:197  warning  'unit' is not defined                                            no-undef
  592:218  warning  'unit' is not defined                                            no-undef
  592:233  warning  'unit' is not defined                                            no-undef
  592:243  warning  'unit' is not defined                                            no-undef
  601:30   warning  'jQuery' is not defined                                          no-undef
  602:1    warning  Unnecessary semicolon                                            no-extra-semi
  615:95   warning  'jQuery' is not defined                                          no-undef
  616:1    warning  Unnecessary semicolon                                            no-extra-semi
  630:347  warning  'jQuery' is not defined                                          no-undef
  631:1    warning  Unnecessary semicolon                                            no-extra-semi
  644:293  warning  'jQuery' is not defined                                          no-undef
  645:1    warning  Unnecessary semicolon                                            no-extra-semi
  658:294  warning  'jQuery' is not defined                                          no-undef
  659:1    warning  Unnecessary semicolon                                            no-extra-semi
  673:334  warning  'jQuery' is not defined                                          no-undef
  674:1    warning  Unnecessary semicolon                                            no-extra-semi
  686:294  warning  'jQuery' is not defined                                          no-undef
  687:1    warning  Unnecessary semicolon                                            no-extra-semi
  700:352  warning  'jQuery' is not defined                                          no-undef
  701:1    warning  Unnecessary semicolon                                            no-extra-semi
  714:103  warning  'jQuery' is not defined                                          no-undef
  715:1    warning  Unnecessary semicolon                                            no-extra-semi
  727:133  warning  'times' is not defined                                           no-undef
  727:164  warning  'duration' is not defined                                        no-undef
  727:220  warning  'isVisible' is not defined                                       no-undef
  727:247  warning  'animateTo' is not defined                                       no-undef
  727:263  warning  'isVisible' is not defined                                       no-undef
  727:300  warning  'animateTo' is not defined                                       no-undef
  727:326  warning  'isVisible' is not defined                                       no-undef
  727:349  warning  'isVisible' is not defined                                       no-undef
  727:359  warning  'times' is not defined                                           no-undef
  727:377  warning  'times' is not defined                                           no-undef
  727:407  warning  'animateTo' is not defined                                       no-undef
  727:418  warning  'duration' is not defined                                        no-undef
  727:445  warning  'animateTo' is not defined                                       no-undef
  727:456  warning  'animateTo' is not defined                                       no-undef
  727:490  warning  'animateTo' is not defined                                       no-undef
  727:501  warning  'duration' is not defined                                        no-undef
  728:29   warning  'animateTo' is not defined                                       no-undef
  728:152  warning  'jQuery' is not defined                                          no-undef
  729:1    warning  Unnecessary semicolon                                            no-extra-semi
  746:219  warning  'child' is not defined                                           no-undef
  746:251  warning  'child' is not defined                                           no-undef
  746:274  warning  'child' is not defined                                           no-undef
  746:295  warning  'child' is not defined                                           no-undef
  746:310  warning  'child' is not defined                                           no-undef
  746:371  warning  'child' is not defined                                           no-undef
  746:447  warning  'child' is not defined                                           no-undef
  746:482  warning  'child' is not defined                                           no-undef
  746:499  warning  'child' is not defined                                           no-undef
  747:1    warning  'child' is not defined                                           no-undef
  747:34   warning  'child' is not defined                                           no-undef
  747:49   warning  'child' is not defined                                           no-undef
  747:80   warning  'child' is not defined                                           no-undef
  747:115  warning  'child' is not defined                                           no-undef
  747:132  warning  'child' is not defined                                           no-undef
  747:144  warning  'child' is not defined                                           no-undef
  747:177  warning  'child' is not defined                                           no-undef
  747:192  warning  'child' is not defined                                           no-undef
  747:202  warning  'child' is not defined                                           no-undef
  747:212  warning  'child' is not defined                                           no-undef
  747:224  warning  'child' is not defined                                           no-undef
  747:238  warning  'child' is not defined                                           no-undef
  747:307  warning  'child' is not defined                                           no-undef
  748:100  warning  'jQuery' is not defined                                          no-undef
  749:1    warning  Unnecessary semicolon                                            no-extra-semi
  762:362  warning  'jQuery' is not defined                                          no-undef
  763:1    warning  Unnecessary semicolon                                            no-extra-semi
  776:291  warning  'jQuery' is not defined                                          no-undef
  777:1    warning  Unnecessary semicolon                                            no-extra-semi
  790:20   warning  'jQuery' is not defined                                          no-undef
  791:1    warning  Unnecessary semicolon                                            no-extra-semi

/home/runner/work/exp-lazarenko-model-coep/exp-lazarenko-model-coep/experiment/simulation/js/jquery.qtip.min.js
  13:147    warning  'window' is already defined as a built-in global variable        no-redeclare
  13:177    warning  'console' is already defined as a built-in global variable       no-redeclare
  13:1661   warning  Empty block statement                                            no-empty
  13:2091   warning  Empty block statement                                            no-empty
  13:2886   warning  's' is defined but never used                                    no-unused-vars
  13:3765   warning  'h' is defined but never used                                    no-unused-vars
  13:4641   warning  'h' is defined but never used                                    no-unused-vars
  13:5378   warning  Expected a conditional expression and instead saw an assignment  no-cond-assign
  13:5612   warning  Expected a conditional expression and instead saw an assignment  no-cond-assign
  13:7115   warning  'c' is defined but never used                                    no-unused-vars
  13:7378   warning  'x' is assigned a value but never used                           no-unused-vars
  13:8340   warning  't' is assigned a value but never used                           no-unused-vars
  13:8354   warning  'v' is assigned a value but never used                           no-unused-vars
  13:11091  warning  'j' is assigned a value but never used                           no-unused-vars
  13:11708  warning  Empty block statement                                            no-empty
  13:13957  warning  Empty block statement                                            no-empty
  13:14996  warning  'a' is defined but never used                                    no-unused-vars
  13:15147  warning  'd' is assigned a value but never used                           no-unused-vars
  13:18971  warning  Expected a conditional expression and instead saw an assignment  no-cond-assign
  13:21584  warning  Expected a conditional expression and instead saw an assignment  no-cond-assign
  13:22642  warning  'o' is defined but never used                                    no-unused-vars
  13:23929  warning  'h' is defined but never used                                    no-unused-vars
  13:30940  warning  'c' is assigned a value but never used                           no-unused-vars
  13:31143  warning  'r' is assigned a value but never used                           no-unused-vars
  13:34453  warning  'c' is assigned a value but never used                           no-unused-vars
  13:34461  warning  'd' is assigned a value but never used                           no-unused-vars
  13:34899  warning  Empty block statement                                            no-empty
  13:35316  warning  'e' is defined but never used                                    no-unused-vars
  13:36850  warning  'm' is defined but never used                                    no-unused-vars
  13:38612  warning  'c' is defined but never used                                    no-unused-vars

/home/runner/work/exp-lazarenko-model-coep/exp-lazarenko-model-coep/experiment/simulation/js/jquery.simplemodal.js
  10:276  warning  'jQuery' is not defined    no-undef
  23:134  warning  'b' is assigned to itself  no-self-assign
  23:138  warning  'c' is assigned to itself  no-self-assign
  25:246  warning  'jQuery' is not defined    no-undef

/home/runner/work/exp-lazarenko-model-coep/exp-lazarenko-model-coep/experiment/simulation/js/jquery.tinyscrollbar.min.js
  1:223   warning  'b' is defined but never used  no-unused-vars
  1:433   warning  'b' is already defined         no-redeclare
  1:2519  warning  'c' is already defined         no-redeclare
  1:2713  warning  'jQuery' is not defined        no-undef

/home/runner/work/exp-lazarenko-model-coep/exp-lazarenko-model-coep/experiment/simulation/js/lem.js
   46:28  warning  'jQuery' is not defined                     no-undef
   53:2   warning  Unnecessary semicolon                       no-extra-semi
   99:3   warning  'r' is assigned a value but never used      no-unused-vars
  102:23  warning  'ssx' is assigned a value but never used    no-unused-vars
  102:61  warning  'sxxx' is already defined                   no-redeclare
  123:11  warning  'i' is already defined                      no-redeclare
  133:11  warning  'i' is already defined                      no-redeclare
  140:11  warning  'i' is already defined                      no-redeclare
  146:3   warning  Mixed spaces and tabs                       no-mixed-spaces-and-tabs
  171:7   warning  'chart' is assigned a value but never used  no-unused-vars
  171:19  warning  'Highcharts' is not defined                 no-undef
  203:3   warning  Mixed spaces and tabs                       no-mixed-spaces-and-tabs
  204:3   warning  Mixed spaces and tabs                       no-mixed-spaces-and-tabs
  205:3   warning  Mixed spaces and tabs                       no-mixed-spaces-and-tabs
  207:3   warning  Mixed spaces and tabs                       no-mixed-spaces-and-tabs
  208:3   warning  Mixed spaces and tabs                       no-mixed-spaces-and-tabs
  209:3   warning  Mixed spaces and tabs                       no-mixed-spaces-and-tabs
  210:3   warning  Mixed spaces and tabs                       no-mixed-spaces-and-tabs
  211:3   warning  Mixed spaces and tabs                       no-mixed-spaces-and-tabs
  212:3   warning  Mixed spaces and tabs                       no-mixed-spaces-and-tabs
  213:3   warning  Mixed spaces and tabs                       no-mixed-spaces-and-tabs
  214:3   warning  Mixed spaces and tabs                       no-mixed-spaces-and-tabs
  215:3   warning  Mixed spaces and tabs                       no-mixed-spaces-and-tabs
  216:3   warning  Mixed spaces and tabs                       no-mixed-spaces-and-tabs
  289:7   warning  'centerX' is already defined                no-redeclare
  290:7   warning  'centerY' is already defined                no-redeclare
  292:7   warning  'lineWidth' is already defined              no-redeclare
  310:8   warning  'i' is already defined                      no-redeclare
  323:1   warning  '$' is not defined                          no-undef
  324:3   warning  '$' is not defined                          no-undef
  325:3   warning  '$' is not defined                          no-undef
  326:3   warning  '$' is not defined                          no-undef
  327:3   warning  '$' is not defined                          no-undef
  335:3   warning  '$' is not defined                          no-undef
  336:20  warning  '$' is not defined                          no-undef
  341:3   warning  '$' is not defined                          no-undef
  342:23  warning  '$' is not defined                          no-undef
  346:3   warning  '$' is not defined                          no-undef
  351:6   warning  '$' is not defined                          no-undef
  353:6   warning  '$' is not defined                          no-undef
  355:7   warning  '$' is not defined                          no-undef
  356:7   warning  '$' is not defined                          no-undef
  362:3   warning  '$' is not defined                          no-undef
  366:5   warning  '$' is not defined                          no-undef
  367:6   warning  '$' is not defined                          no-undef
  371:3   warning  '$' is not defined                          no-undef
  372:12  warning  '$' is not defined                          no-undef
  386:5   warning  '$' is not defined                          no-undef
  387:5   warning  '$' is not defined                          no-undef
  388:16  warning  '$' is not defined                          no-undef
  389:24  warning  '$' is not defined                          no-undef
  393:8   warning  '$' is not defined                          no-undef
  398:3   warning  '$' is not defined                          no-undef
  399:14  warning  '$' is not defined                          no-undef
  400:21  warning  '$' is not defined                          no-undef
  404:6   warning  'clearCanvas' is not defined                no-undef
  404:18  warning  'ctx' is not defined                        no-undef
  405:18  warning  Empty block statement                       no-empty
  412:3   warning  '$' is not defined                          no-undef
  413:4   warning  '$' is not defined                          no-undef
  414:4   warning  '$' is not defined                          no-undef
  417:4   warning  '$' is not defined                          no-undef
  421:14  warning  'c.width' is assigned to itself             no-self-assign
  425:4   warning  '$' is not defined                          no-undef
  426:4   warning  '$' is not defined                          no-undef
  427:4   warning  '$' is not defined                          no-undef
  431:3   warning  '$' is not defined                          no-undef
  435:3   warning  '$' is not defined                          no-undef
  437:4   warning  '$' is not defined                          no-undef
  438:4   warning  '$' is not defined                          no-undef
  441:3   warning  '$' is not defined                          no-undef
  442:3   warning  '$' is not defined                          no-undef
  451:5   warning  'image' is assigned a value but never used  no-unused-vars
  453:2   warning  'swfobject' is not defined                  no-undef

/home/runner/work/exp-lazarenko-model-coep/exp-lazarenko-model-coep/experiment/simulation/js/model.js
   1:1   warning  'jQuery' is not defined     no-undef
  23:13  warning  'graphView' is not defined  no-undef

/home/runner/work/exp-lazarenko-model-coep/exp-lazarenko-model-coep/experiment/simulation/js/model1.js
   1:1   warning  'jQuery' is not defined  no-undef
  23:13  warning  'image' is not defined   no-undef

/home/runner/work/exp-lazarenko-model-coep/exp-lazarenko-model-coep/experiment/simulation/js/modules/exporting.js
   9:19   warning  'Highcharts' is not defined       no-undef
  14:201  warning  'Highcharts' is not defined       no-undef
  14:318  warning  'e' is already defined            no-redeclare
  15:489  warning  Unnecessary escape character: \/  no-useless-escape
  16:361  warning  'b' is already defined            no-redeclare
  20:57   warning  'b' is already defined            no-redeclare

/home/runner/work/exp-lazarenko-model-coep/exp-lazarenko-model-coep/experiment/simulation/js/modules/exporting.src.js
   11:22  warning  'document' is already defined as a built-in global variable    no-redeclare
   11:32  warning  'window' is already defined as a built-in global variable      no-redeclare
   11:40  warning  'Math' is already defined as a built-in global variable        no-redeclare
   11:46  warning  'setTimeout' is already defined as a built-in global variable  no-redeclare
  320:31  warning  Unnecessary escape character: \/                               no-useless-escape

/home/runner/work/exp-lazarenko-model-coep/exp-lazarenko-model-coep/experiment/simulation/js/swfobject.js
  4:1074  warning  'ActiveXObject' is not defined          no-undef
  4:1245  warning  Empty block statement                   no-empty
  4:1297  warning  'k' is assigned a value but never used  no-unused-vars
  4:6921  warning  Empty block statement                   no-empty
  4:7918  warning  Unnecessary escape character: \"        no-useless-escape
  4:7922  warning  Unnecessary escape character: \.        no-useless-escape
  4:8017  warning  'd' is assigned a value but never used  no-unused-vars

/home/runner/work/exp-lazarenko-model-coep/exp-lazarenko-model-coep/experiment/simulation/js/themes/dark-blue.js
    6:1   warning  'Highcharts' is not defined                             no-undef
  263:5   warning  'highchartsOptions' is assigned a value but never used  no-unused-vars
  263:25  warning  'Highcharts' is not defined                             no-undef
  263:47  warning  'Highcharts' is not defined                             no-undef

/home/runner/work/exp-lazarenko-model-coep/exp-lazarenko-model-coep/experiment/simulation/js/themes/dark-green.js
    6:1   warning  'Highcharts' is not defined                             no-undef
  263:5   warning  'highchartsOptions' is assigned a value but never used  no-unused-vars
  263:25  warning  'Highcharts' is not defined                             no-undef
  263:47  warning  'Highcharts' is not defined                             no-undef

/home/runner/work/exp-lazarenko-model-coep/exp-lazarenko-model-coep/experiment/simulation/js/themes/gray.js
    6:1   warning  'Highcharts' is not defined                             no-undef
  262:5   warning  'highchartsOptions' is assigned a value but never used  no-unused-vars
  262:25  warning  'Highcharts' is not defined                             no-undef
  262:47  warning  'Highcharts' is not defined                             no-undef

/home/runner/work/exp-lazarenko-model-coep/exp-lazarenko-model-coep/experiment/simulation/js/themes/grid.js
   6:1   warning  'Highcharts' is not defined                             no-undef
  95:5   warning  'highchartsOptions' is assigned a value but never used  no-unused-vars
  95:25  warning  'Highcharts' is not defined                             no-undef
  95:47  warning  'Highcharts' is not defined                             no-undef

/home/runner/work/exp-lazarenko-model-coep/exp-lazarenko-model-coep/experiment/simulation/js/themes/skies.js
   6:1   warning  'Highcharts' is not defined                             no-undef
  89:5   warning  'highchartsOptions' is assigned a value but never used  no-unused-vars
  89:25  warning  'Highcharts' is not defined                             no-undef
  89:47  warning  'Highcharts' is not defined                             no-undef

 551 problems (1 error, 550 warnings)
  0 errors and 34 warnings potentially fixable with the `--fix` option.

